<?xml version="1.0" encoding="UTF-8"?>
<!-- Generated by org.testng.reporters.JUnitReportReporter -->
<testsuite skipped="0" hostname="SrikanthChantiS" name="DriverFactory.test" tests="1" failures="0" timestamp="31 Jul 2023 15:48:29 GMT" time="25.932" errors="0">
  <testcase name="SignUpTest" time="25.932" classname="DriverFactory.test"/>
</testsuite> <!-- DriverFactory.test -->
