<?xml version="1.0" encoding="UTF-8"?>
<!-- Generated by org.testng.reporters.JUnitReportReporter -->
<testsuite skipped="0" hostname="SrikanthChantiS" name="DriverFactory.Chrome" tests="1" failures="0" timestamp="31 Jul 2023 15:48:29 GMT" time="24.731" errors="0">
  <testcase name="SignUpTest" time="24.731" classname="DriverFactory.Chrome"/>
</testsuite> <!-- DriverFactory.Chrome -->
